2026-03-26 00:39:57,138 - aqt.main - INFO - installer 140685721201536 aqtinstall(aqt) v3.3.0 on Python 3.12.13 [CPython GCC 13.3.0]
2026-03-26 00:39:57,434 - aqt.main - INFO - installer 140424460454784 aqtinstall(aqt) v3.3.0 on Python 3.12.13 [CPython GCC 13.3.0]
2026-03-26 00:39:57,435 - aqt.helper - DEBUG - helper 140424460454784 Attempt to download checksum at https://download.qt.io/online/qtsdkrepository/linux_x64/desktop/qt6_683/qt6_683/Updates.xml.sha256
2026-03-26 00:39:58,746 - aqt.helper - DEBUG - helper 140424460454784 Attempt to download checksum at https://download.qt.io/online/qtsdkrepository/linux_x64/extensions/qtwebengine/683/x86_64/Updates.xml.sha256
2026-03-26 00:40:00,047 - aqt.archives - INFO - archives 140424460454784 Found extension qtwebengine
2026-03-26 00:40:00,048 - aqt.helper - DEBUG - helper 140424460454784 Attempt to download checksum at https://download.qt.io/online/qtsdkrepository/linux_x64/extensions/qtpdf/683/x86_64/Updates.xml.sha256
2026-03-26 00:40:01,335 - aqt.archives - INFO - archives 140424460454784 Found extension qtpdf
2026-03-26 00:40:01,923 - aqt.helper - DEBUG - helper 140618716826496 Attempt to download checksum at https://download.qt.io/online/qtsdkrepository/linux_x64/desktop/qt6_683/qt6_683/qt.qt6.683.linux_gcc_64/6.8.3-0-202503201345qtbase-Linux-RHEL_8_10-GCC-Linux-RHEL_8_10-X86_64.7z.sha256
2026-03-26 00:40:01,929 - aqt.helper - DEBUG - helper 140282902743936 Attempt to download checksum at https://download.qt.io/online/qtsdkrepository/linux_x64/desktop/qt6_683/qt6_683/qt.qt6.683.linux_gcc_64/6.8.3-0-202503201345qtsvg-Linux-RHEL_8_10-GCC-Linux-RHEL_8_10-X86_64.7z.sha256
2026-03-26 00:40:01,944 - aqt.helper - DEBUG - helper 139812529953664 Attempt to download checksum at https://download.qt.io/online/qtsdkrepository/linux_x64/desktop/qt6_683/qt6_683/qt.qt6.683.linux_gcc_64/6.8.3-0-202503201345qtdeclarative-Linux-RHEL_8_10-GCC-Linux-RHEL_8_10-X86_64.7z.sha256
2026-03-26 00:40:01,948 - aqt.helper - DEBUG - helper 140538220387200 Attempt to download checksum at https://download.qt.io/online/qtsdkrepository/linux_x64/desktop/qt6_683/qt6_683/qt.qt6.683.linux_gcc_64/6.8.3-0-202503201345qttools-Linux-RHEL_8_10-GCC-Linux-RHEL_8_10-X86_64.7z.sha256
2026-03-26 00:40:02,504 - aqt.helper - INFO - helper 140282902743936 Downloading qtsvg...
2026-03-26 00:40:02,504 - aqt.installer - DEBUG - installer 140282902743936 Download URL: https://download.qt.io/online/qtsdkrepository/linux_x64/desktop/qt6_683/qt6_683/qt.qt6.683.linux_gcc_64/6.8.3-0-202503201345qtsvg-Linux-RHEL_8_10-GCC-Linux-RHEL_8_10-X86_64.7z
2026-03-26 00:40:02,542 - aqt.helper - INFO - helper 139812529953664 Downloading qtdeclarative...
2026-03-26 00:40:02,542 - aqt.installer - DEBUG - installer 139812529953664 Download URL: https://download.qt.io/online/qtsdkrepository/linux_x64/desktop/qt6_683/qt6_683/qt.qt6.683.linux_gcc_64/6.8.3-0-202503201345qtdeclarative-Linux-RHEL_8_10-GCC-Linux-RHEL_8_10-X86_64.7z
2026-03-26 00:40:02,545 - aqt.helper - INFO - helper 140618716826496 Downloading qtbase...
2026-03-26 00:40:02,545 - aqt.installer - DEBUG - installer 140618716826496 Download URL: https://download.qt.io/online/qtsdkrepository/linux_x64/desktop/qt6_683/qt6_683/qt.qt6.683.linux_gcc_64/6.8.3-0-202503201345qtbase-Linux-RHEL_8_10-GCC-Linux-RHEL_8_10-X86_64.7z
2026-03-26 00:40:02,551 - aqt.helper - INFO - helper 140538220387200 Downloading qttools...
2026-03-26 00:40:02,551 - aqt.installer - DEBUG - installer 140538220387200 Download URL: https://download.qt.io/online/qtsdkrepository/linux_x64/desktop/qt6_683/qt6_683/qt.qt6.683.linux_gcc_64/6.8.3-0-202503201345qttools-Linux-RHEL_8_10-GCC-Linux-RHEL_8_10-X86_64.7z
2026-03-26 00:40:03,142 - aqt.helper - DEBUG - helper 140282902743936 Asked to redirect(302) to: https://qt.mirror.constant.com/online/qtsdkrepository/linux_x64/desktop/qt6_683/qt6_683/qt.qt6.683.linux_gcc_64/6.8.3-0-202503201345qtsvg-Linux-RHEL_8_10-GCC-Linux-RHEL_8_10-X86_64.7z
2026-03-26 00:40:03,142 - aqt.helper - INFO - helper 140282902743936 Redirected: qt.mirror.constant.com
2026-03-26 00:40:03,237 - aqt.helper - DEBUG - helper 140538220387200 Asked to redirect(302) to: https://qt.mirror.constant.com/online/qtsdkrepository/linux_x64/desktop/qt6_683/qt6_683/qt.qt6.683.linux_gcc_64/6.8.3-0-202503201345qttools-Linux-RHEL_8_10-GCC-Linux-RHEL_8_10-X86_64.7z
2026-03-26 00:40:03,237 - aqt.helper - INFO - helper 140538220387200 Redirected: qt.mirror.constant.com
2026-03-26 00:40:03,262 - aqt.helper - DEBUG - helper 140618716826496 Asked to redirect(302) to: https://qt.mirror.constant.com/online/qtsdkrepository/linux_x64/desktop/qt6_683/qt6_683/qt.qt6.683.linux_gcc_64/6.8.3-0-202503201345qtbase-Linux-RHEL_8_10-GCC-Linux-RHEL_8_10-X86_64.7z
2026-03-26 00:40:03,262 - aqt.helper - INFO - helper 140618716826496 Redirected: qt.mirror.constant.com
2026-03-26 00:40:03,265 - aqt.helper - DEBUG - helper 139812529953664 Asked to redirect(302) to: https://qt.mirror.constant.com/online/qtsdkrepository/linux_x64/desktop/qt6_683/qt6_683/qt.qt6.683.linux_gcc_64/6.8.3-0-202503201345qtdeclarative-Linux-RHEL_8_10-GCC-Linux-RHEL_8_10-X86_64.7z
2026-03-26 00:40:03,265 - aqt.helper - INFO - helper 139812529953664 Redirected: qt.mirror.constant.com
2026-03-26 00:40:04,040 - aqt.installer - INFO - installer 140282902743936 Finished installation of qtsvg-Linux-RHEL_8_10-GCC-Linux-RHEL_8_10-X86_64.7z in 2.11393635
2026-03-26 00:40:04,062 - aqt.helper - DEBUG - helper 140282902743936 Attempt to download checksum at https://download.qt.io/online/qtsdkrepository/linux_x64/desktop/qt6_683/qt6_683/qt.qt6.683.linux_gcc_64/6.8.3-0-202503201345qttranslations-Linux-RHEL_8_10-GCC-Linux-RHEL_8_10-X86_64.7z.sha256
2026-03-26 00:40:04,784 - aqt.helper - INFO - helper 140282902743936 Downloading qttranslations...
2026-03-26 00:40:04,785 - aqt.installer - DEBUG - installer 140282902743936 Download URL: https://download.qt.io/online/qtsdkrepository/linux_x64/desktop/qt6_683/qt6_683/qt.qt6.683.linux_gcc_64/6.8.3-0-202503201345qttranslations-Linux-RHEL_8_10-GCC-Linux-RHEL_8_10-X86_64.7z
2026-03-26 00:40:05,465 - aqt.helper - DEBUG - helper 140282902743936 Asked to redirect(302) to: https://qt.mirror.constant.com/online/qtsdkrepository/linux_x64/desktop/qt6_683/qt6_683/qt.qt6.683.linux_gcc_64/6.8.3-0-202503201345qttranslations-Linux-RHEL_8_10-GCC-Linux-RHEL_8_10-X86_64.7z
2026-03-26 00:40:05,465 - aqt.helper - INFO - helper 140282902743936 Redirected: qt.mirror.constant.com
2026-03-26 00:40:06,166 - aqt.installer - INFO - installer 140282902743936 Finished installation of qttranslations-Linux-RHEL_8_10-GCC-Linux-RHEL_8_10-X86_64.7z in 2.10694609
2026-03-26 00:40:06,187 - aqt.helper - DEBUG - helper 140282902743936 Attempt to download checksum at https://download.qt.io/online/qtsdkrepository/linux_x64/desktop/qt6_683/qt6_683/qt.qt6.683.linux_gcc_64/6.8.3-0-202503201345qtwayland-Linux-RHEL_8_10-GCC-Linux-RHEL_8_10-X86_64.7z.sha256
2026-03-26 00:40:06,733 - aqt.helper - INFO - helper 140282902743936 Downloading qtwayland...
2026-03-26 00:40:06,734 - aqt.installer - DEBUG - installer 140282902743936 Download URL: https://download.qt.io/online/qtsdkrepository/linux_x64/desktop/qt6_683/qt6_683/qt.qt6.683.linux_gcc_64/6.8.3-0-202503201345qtwayland-Linux-RHEL_8_10-GCC-Linux-RHEL_8_10-X86_64.7z
2026-03-26 00:40:07,178 - aqt.installer - INFO - installer 140538220387200 Finished installation of qttools-Linux-RHEL_8_10-GCC-Linux-RHEL_8_10-X86_64.7z in 5.23144741
2026-03-26 00:40:07,197 - aqt.helper - DEBUG - helper 140538220387200 Attempt to download checksum at https://download.qt.io/online/qtsdkrepository/linux_x64/desktop/qt6_683/qt6_683/qt.qt6.683.linux_gcc_64/6.8.3-0-202503201345icu-linux-Rhel8.6-x86_64.7z.sha256
2026-03-26 00:40:07,265 - aqt.helper - DEBUG - helper 140282902743936 Asked to redirect(302) to: https://qt.mirror.constant.com/online/qtsdkrepository/linux_x64/desktop/qt6_683/qt6_683/qt.qt6.683.linux_gcc_64/6.8.3-0-202503201345qtwayland-Linux-RHEL_8_10-GCC-Linux-RHEL_8_10-X86_64.7z
2026-03-26 00:40:07,266 - aqt.helper - INFO - helper 140282902743936 Redirected: qt.mirror.constant.com
2026-03-26 00:40:07,766 - aqt.helper - INFO - helper 140538220387200 Downloading icu...
2026-03-26 00:40:07,767 - aqt.installer - DEBUG - installer 140538220387200 Download URL: https://download.qt.io/online/qtsdkrepository/linux_x64/desktop/qt6_683/qt6_683/qt.qt6.683.linux_gcc_64/6.8.3-0-202503201345icu-linux-Rhel8.6-x86_64.7z
2026-03-26 00:40:07,835 - aqt.installer - INFO - installer 140282902743936 Finished installation of qtwayland-Linux-RHEL_8_10-GCC-Linux-RHEL_8_10-X86_64.7z in 1.65030175
2026-03-26 00:40:08,394 - aqt.installer - INFO - installer 140618716826496 Finished installation of qtbase-Linux-RHEL_8_10-GCC-Linux-RHEL_8_10-X86_64.7z in 6.47317858
2026-03-26 00:40:08,513 - aqt.helper - DEBUG - helper 140538220387200 Asked to redirect(302) to: https://qt.mirror.constant.com/online/qtsdkrepository/linux_x64/desktop/qt6_683/qt6_683/qt.qt6.683.linux_gcc_64/6.8.3-0-202503201345icu-linux-Rhel8.6-x86_64.7z
2026-03-26 00:40:08,513 - aqt.helper - INFO - helper 140538220387200 Redirected: qt.mirror.constant.com
2026-03-26 00:40:09,738 - aqt.installer - INFO - installer 140538220387200 Finished installation of icu-linux-Rhel8.6-x86_64.7z in 2.54308498
2026-03-26 00:40:17,373 - aqt.installer - INFO - installer 139812529953664 Finished installation of qtdeclarative-Linux-RHEL_8_10-GCC-Linux-RHEL_8_10-X86_64.7z in 15.43141270
2026-03-26 00:40:17,466 - aqt.updater - INFO - updater 140424460454784 Patching /home/runner/work/two.avogadro.cc/Qt/6.8.3/gcc_64/bin/qmake
2026-03-26 00:40:17,470 - aqt.updater - INFO - updater 140424460454784 Patching /home/runner/work/two.avogadro.cc/Qt/6.8.3/gcc_64/lib/pkgconfig/Qt6QuickDialogs2.pc
2026-03-26 00:40:17,471 - aqt.updater - INFO - updater 140424460454784 Patching /home/runner/work/two.avogadro.cc/Qt/6.8.3/gcc_64/lib/pkgconfig/Qt6UiPlugin.pc
2026-03-26 00:40:17,471 - aqt.updater - INFO - updater 140424460454784 Patching /home/runner/work/two.avogadro.cc/Qt/6.8.3/gcc_64/lib/pkgconfig/Qt6Help.pc
2026-03-26 00:40:17,471 - aqt.updater - INFO - updater 140424460454784 Patching /home/runner/work/two.avogadro.cc/Qt/6.8.3/gcc_64/lib/pkgconfig/Qt6QuickControls2Basic.pc
2026-03-26 00:40:17,471 - aqt.updater - INFO - updater 140424460454784 Patching /home/runner/work/two.avogadro.cc/Qt/6.8.3/gcc_64/lib/pkgconfig/Qt6QmlNetwork.pc
2026-03-26 00:40:17,472 - aqt.updater - INFO - updater 140424460454784 Patching /home/runner/work/two.avogadro.cc/Qt/6.8.3/gcc_64/lib/pkgconfig/Qt6Sql.pc
2026-03-26 00:40:17,472 - aqt.updater - INFO - updater 140424460454784 Patching /home/runner/work/two.avogadro.cc/Qt/6.8.3/gcc_64/lib/pkgconfig/Qt6Core.pc
2026-03-26 00:40:17,472 - aqt.updater - INFO - updater 140424460454784 Patching /home/runner/work/two.avogadro.cc/Qt/6.8.3/gcc_64/lib/pkgconfig/Qt6QuickWidgets.pc
2026-03-26 00:40:17,472 - aqt.updater - INFO - updater 140424460454784 Patching /home/runner/work/two.avogadro.cc/Qt/6.8.3/gcc_64/lib/pkgconfig/Qt6Qml.pc
2026-03-26 00:40:17,473 - aqt.updater - INFO - updater 140424460454784 Patching /home/runner/work/two.avogadro.cc/Qt/6.8.3/gcc_64/lib/pkgconfig/Qt6QuickControls2BasicStyleImpl.pc
2026-03-26 00:40:17,473 - aqt.updater - INFO - updater 140424460454784 Patching /home/runner/work/two.avogadro.cc/Qt/6.8.3/gcc_64/lib/pkgconfig/Qt6QuickTemplates2.pc
2026-03-26 00:40:17,473 - aqt.updater - INFO - updater 140424460454784 Patching /home/runner/work/two.avogadro.cc/Qt/6.8.3/gcc_64/lib/pkgconfig/Qt6LabsQmlModels.pc
2026-03-26 00:40:17,473 - aqt.updater - INFO - updater 140424460454784 Patching /home/runner/work/two.avogadro.cc/Qt/6.8.3/gcc_64/lib/pkgconfig/Qt6QmlAssetDownloader.pc
2026-03-26 00:40:17,474 - aqt.updater - INFO - updater 140424460454784 Patching /home/runner/work/two.avogadro.cc/Qt/6.8.3/gcc_64/lib/pkgconfig/Qt6QmlWorkerScript.pc
2026-03-26 00:40:17,474 - aqt.updater - INFO - updater 140424460454784 Patching /home/runner/work/two.avogadro.cc/Qt/6.8.3/gcc_64/lib/pkgconfig/Qt6LabsSharedImage.pc
2026-03-26 00:40:17,474 - aqt.updater - INFO - updater 140424460454784 Patching /home/runner/work/two.avogadro.cc/Qt/6.8.3/gcc_64/lib/pkgconfig/Qt6LabsAnimation.pc
2026-03-26 00:40:17,474 - aqt.updater - INFO - updater 140424460454784 Patching /home/runner/work/two.avogadro.cc/Qt/6.8.3/gcc_64/lib/pkgconfig/Qt6LabsSettings.pc
2026-03-26 00:40:17,475 - aqt.updater - INFO - updater 140424460454784 Patching /home/runner/work/two.avogadro.cc/Qt/6.8.3/gcc_64/lib/pkgconfig/Qt6QuickControls2Material.pc
2026-03-26 00:40:17,475 - aqt.updater - INFO - updater 140424460454784 Patching /home/runner/work/two.avogadro.cc/Qt/6.8.3/gcc_64/lib/pkgconfig/Qt6QmlMeta.pc
2026-03-26 00:40:17,475 - aqt.updater - INFO - updater 140424460454784 Patching /home/runner/work/two.avogadro.cc/Qt/6.8.3/gcc_64/lib/pkgconfig/Qt6Quick.pc
2026-03-26 00:40:17,475 - aqt.updater - INFO - updater 140424460454784 Patching /home/runner/work/two.avogadro.cc/Qt/6.8.3/gcc_64/lib/pkgconfig/Qt6QuickLayouts.pc
2026-03-26 00:40:17,476 - aqt.updater - INFO - updater 140424460454784 Patching /home/runner/work/two.avogadro.cc/Qt/6.8.3/gcc_64/lib/pkgconfig/Qt6Designer.pc
2026-03-26 00:40:17,476 - aqt.updater - INFO - updater 140424460454784 Patching /home/runner/work/two.avogadro.cc/Qt/6.8.3/gcc_64/lib/pkgconfig/Qt6DBus.pc
2026-03-26 00:40:17,476 - aqt.updater - INFO - updater 140424460454784 Patching /home/runner/work/two.avogadro.cc/Qt/6.8.3/gcc_64/lib/pkgconfig/Qt6QmlLocalStorage.pc
2026-03-26 00:40:17,476 - aqt.updater - INFO - updater 140424460454784 Patching /home/runner/work/two.avogadro.cc/Qt/6.8.3/gcc_64/lib/pkgconfig/Qt6Widgets.pc
2026-03-26 00:40:17,477 - aqt.updater - INFO - updater 140424460454784 Patching /home/runner/work/two.avogadro.cc/Qt/6.8.3/gcc_64/lib/pkgconfig/Qt6QuickControls2UniversalStyleImpl.pc
2026-03-26 00:40:17,477 - aqt.updater - INFO - updater 140424460454784 Patching /home/runner/work/two.avogadro.cc/Qt/6.8.3/gcc_64/lib/pkgconfig/Qt6QuickControls2Universal.pc
2026-03-26 00:40:17,477 - aqt.updater - INFO - updater 140424460454784 Patching /home/runner/work/two.avogadro.cc/Qt/6.8.3/gcc_64/lib/pkgconfig/Qt6OpenGL.pc
2026-03-26 00:40:17,477 - aqt.updater - INFO - updater 140424460454784 Patching /home/runner/work/two.avogadro.cc/Qt/6.8.3/gcc_64/lib/pkgconfig/Qt6Svg.pc
2026-03-26 00:40:17,478 - aqt.updater - INFO - updater 140424460454784 Patching /home/runner/work/two.avogadro.cc/Qt/6.8.3/gcc_64/lib/pkgconfig/Qt6Linguist.pc
2026-03-26 00:40:17,478 - aqt.updater - INFO - updater 140424460454784 Patching /home/runner/work/two.avogadro.cc/Qt/6.8.3/gcc_64/lib/pkgconfig/Qt6Gui.pc
2026-03-26 00:40:17,478 - aqt.updater - INFO - updater 140424460454784 Patching /home/runner/work/two.avogadro.cc/Qt/6.8.3/gcc_64/lib/pkgconfig/Qt6Concurrent.pc
2026-03-26 00:40:17,478 - aqt.updater - INFO - updater 140424460454784 Patching /home/runner/work/two.avogadro.cc/Qt/6.8.3/gcc_64/lib/pkgconfig/Qt6QuickTest.pc
2026-03-26 00:40:17,479 - aqt.updater - INFO - updater 140424460454784 Patching /home/runner/work/two.avogadro.cc/Qt/6.8.3/gcc_64/lib/pkgconfig/Qt6Test.pc
2026-03-26 00:40:17,479 - aqt.updater - INFO - updater 140424460454784 Patching /home/runner/work/two.avogadro.cc/Qt/6.8.3/gcc_64/lib/pkgconfig/Qt6QuickDialogs2Utils.pc
2026-03-26 00:40:17,479 - aqt.updater - INFO - updater 140424460454784 Patching /home/runner/work/two.avogadro.cc/Qt/6.8.3/gcc_64/lib/pkgconfig/Qt6QuickControls2Impl.pc
2026-03-26 00:40:17,479 - aqt.updater - INFO - updater 140424460454784 Patching /home/runner/work/two.avogadro.cc/Qt/6.8.3/gcc_64/lib/pkgconfig/Qt6QuickControls2.pc
2026-03-26 00:40:17,480 - aqt.updater - INFO - updater 140424460454784 Patching /home/runner/work/two.avogadro.cc/Qt/6.8.3/gcc_64/lib/pkgconfig/Qt6PrintSupport.pc
2026-03-26 00:40:17,480 - aqt.updater - INFO - updater 140424460454784 Patching /home/runner/work/two.avogadro.cc/Qt/6.8.3/gcc_64/lib/pkgconfig/Qt6QmlCompiler.pc
2026-03-26 00:40:17,480 - aqt.updater - INFO - updater 140424460454784 Patching /home/runner/work/two.avogadro.cc/Qt/6.8.3/gcc_64/lib/pkgconfig/Qt6QmlCore.pc
2026-03-26 00:40:17,480 - aqt.updater - INFO - updater 140424460454784 Patching /home/runner/work/two.avogadro.cc/Qt/6.8.3/gcc_64/lib/pkgconfig/Qt6QuickVectorImage.pc
2026-03-26 00:40:17,481 - aqt.updater - INFO - updater 140424460454784 Patching /home/runner/work/two.avogadro.cc/Qt/6.8.3/gcc_64/lib/pkgconfig/Qt6QmlIntegration.pc
2026-03-26 00:40:17,481 - aqt.updater - INFO - updater 140424460454784 Patching /home/runner/work/two.avogadro.cc/Qt/6.8.3/gcc_64/lib/pkgconfig/Qt6QmlModels.pc
2026-03-26 00:40:17,481 - aqt.updater - INFO - updater 140424460454784 Patching /home/runner/work/two.avogadro.cc/Qt/6.8.3/gcc_64/lib/pkgconfig/Qt6LabsPlatform.pc
2026-03-26 00:40:17,482 - aqt.updater - INFO - updater 140424460454784 Patching /home/runner/work/two.avogadro.cc/Qt/6.8.3/gcc_64/lib/pkgconfig/Qt6Platform.pc
2026-03-26 00:40:17,482 - aqt.updater - INFO - updater 140424460454784 Patching /home/runner/work/two.avogadro.cc/Qt/6.8.3/gcc_64/lib/pkgconfig/Qt6QuickControls2FusionStyleImpl.pc
2026-03-26 00:40:17,482 - aqt.updater - INFO - updater 140424460454784 Patching /home/runner/work/two.avogadro.cc/Qt/6.8.3/gcc_64/lib/pkgconfig/Qt6WaylandClient.pc
2026-03-26 00:40:17,482 - aqt.updater - INFO - updater 140424460454784 Patching /home/runner/work/two.avogadro.cc/Qt/6.8.3/gcc_64/lib/pkgconfig/Qt6LabsWavefrontMesh.pc
2026-03-26 00:40:17,483 - aqt.updater - INFO - updater 140424460454784 Patching /home/runner/work/two.avogadro.cc/Qt/6.8.3/gcc_64/lib/pkgconfig/Qt6QuickControls2Fusion.pc
2026-03-26 00:40:17,483 - aqt.updater - INFO - updater 140424460454784 Patching /home/runner/work/two.avogadro.cc/Qt/6.8.3/gcc_64/lib/pkgconfig/Qt6QuickControls2Imagine.pc
2026-03-26 00:40:17,483 - aqt.updater - INFO - updater 140424460454784 Patching /home/runner/work/two.avogadro.cc/Qt/6.8.3/gcc_64/lib/pkgconfig/Qt6UiTools.pc
2026-03-26 00:40:17,483 - aqt.updater - INFO - updater 140424460454784 Patching /home/runner/work/two.avogadro.cc/Qt/6.8.3/gcc_64/lib/pkgconfig/Qt6QuickControls2ImagineStyleImpl.pc
2026-03-26 00:40:17,484 - aqt.updater - INFO - updater 140424460454784 Patching /home/runner/work/two.avogadro.cc/Qt/6.8.3/gcc_64/lib/pkgconfig/Qt6QuickControls2FluentWinUI3StyleImpl.pc
2026-03-26 00:40:17,484 - aqt.updater - INFO - updater 140424460454784 Patching /home/runner/work/two.avogadro.cc/Qt/6.8.3/gcc_64/lib/pkgconfig/Qt6QuickControls2MaterialStyleImpl.pc
2026-03-26 00:40:17,484 - aqt.updater - INFO - updater 140424460454784 Patching /home/runner/work/two.avogadro.cc/Qt/6.8.3/gcc_64/lib/pkgconfig/Qt6Network.pc
2026-03-26 00:40:17,485 - aqt.updater - INFO - updater 140424460454784 Patching /home/runner/work/two.avogadro.cc/Qt/6.8.3/gcc_64/lib/pkgconfig/Qt6OpenGLWidgets.pc
2026-03-26 00:40:17,485 - aqt.updater - INFO - updater 140424460454784 Patching /home/runner/work/two.avogadro.cc/Qt/6.8.3/gcc_64/lib/pkgconfig/Qt6QuickDialogs2QuickImpl.pc
2026-03-26 00:40:17,485 - aqt.updater - INFO - updater 140424460454784 Patching /home/runner/work/two.avogadro.cc/Qt/6.8.3/gcc_64/lib/pkgconfig/Qt6SvgWidgets.pc
2026-03-26 00:40:17,485 - aqt.updater - INFO - updater 140424460454784 Patching /home/runner/work/two.avogadro.cc/Qt/6.8.3/gcc_64/lib/pkgconfig/Qt6LabsFolderListModel.pc
2026-03-26 00:40:17,486 - aqt.updater - INFO - updater 140424460454784 Patching /home/runner/work/two.avogadro.cc/Qt/6.8.3/gcc_64/lib/pkgconfig/Qt6QmlXmlListModel.pc
2026-03-26 00:40:17,486 - aqt.updater - INFO - updater 140424460454784 Patching /home/runner/work/two.avogadro.cc/Qt/6.8.3/gcc_64/lib/pkgconfig/Qt6Xml.pc
2026-03-26 00:40:17,487 - aqt.updater - INFO - updater 140424460454784 Patching /home/runner/work/two.avogadro.cc/Qt/6.8.3/gcc_64/lib/libQt6EglFsKmsSupport.prl
2026-03-26 00:40:17,487 - aqt.updater - INFO - updater 140424460454784 Patching /home/runner/work/two.avogadro.cc/Qt/6.8.3/gcc_64/lib/libQt6EglFSDeviceIntegration.prl
2026-03-26 00:40:17,488 - aqt.updater - INFO - updater 140424460454784 Patching /home/runner/work/two.avogadro.cc/Qt/6.8.3/gcc_64/lib/libQt6QuickTestUtils.prl
2026-03-26 00:40:17,488 - aqt.updater - INFO - updater 140424460454784 Patching /home/runner/work/two.avogadro.cc/Qt/6.8.3/gcc_64/lib/libQt6Quick.prl
2026-03-26 00:40:17,488 - aqt.updater - INFO - updater 140424460454784 Patching /home/runner/work/two.avogadro.cc/Qt/6.8.3/gcc_64/lib/libQt6LabsFolderListModel.prl
2026-03-26 00:40:17,488 - aqt.updater - INFO - updater 140424460454784 Patching /home/runner/work/two.avogadro.cc/Qt/6.8.3/gcc_64/lib/libQt6Svg.prl
2026-03-26 00:40:17,489 - aqt.updater - INFO - updater 140424460454784 Patching /home/runner/work/two.avogadro.cc/Qt/6.8.3/gcc_64/lib/libQt6QmlLocalStorage.prl
2026-03-26 00:40:17,489 - aqt.updater - INFO - updater 140424460454784 Patching /home/runner/work/two.avogadro.cc/Qt/6.8.3/gcc_64/lib/libQt6WaylandClient.prl
2026-03-26 00:40:17,489 - aqt.updater - INFO - updater 140424460454784 Patching /home/runner/work/two.avogadro.cc/Qt/6.8.3/gcc_64/lib/libQt6XcbQpa.prl
2026-03-26 00:40:17,489 - aqt.updater - INFO - updater 140424460454784 Patching /home/runner/work/two.avogadro.cc/Qt/6.8.3/gcc_64/lib/libQt6Help.prl
2026-03-26 00:40:17,490 - aqt.updater - INFO - updater 140424460454784 Patching /home/runner/work/two.avogadro.cc/Qt/6.8.3/gcc_64/lib/libQt6QuickTest.prl
2026-03-26 00:40:17,490 - aqt.updater - INFO - updater 140424460454784 Patching /home/runner/work/two.avogadro.cc/Qt/6.8.3/gcc_64/lib/libQt6ExampleIcons.prl
2026-03-26 00:40:17,490 - aqt.updater - INFO - updater 140424460454784 Patching /home/runner/work/two.avogadro.cc/Qt/6.8.3/gcc_64/lib/libQt6QmlNetwork.prl
2026-03-26 00:40:17,490 - aqt.updater - INFO - updater 140424460454784 Patching /home/runner/work/two.avogadro.cc/Qt/6.8.3/gcc_64/lib/libQt6QuickControlsTestUtils.prl
2026-03-26 00:40:17,491 - aqt.updater - INFO - updater 140424460454784 Patching /home/runner/work/two.avogadro.cc/Qt/6.8.3/gcc_64/lib/libQt6LabsPlatform.prl
2026-03-26 00:40:17,491 - aqt.updater - INFO - updater 140424460454784 Patching /home/runner/work/two.avogadro.cc/Qt/6.8.3/gcc_64/lib/libQt6LabsQmlModels.prl
2026-03-26 00:40:17,491 - aqt.updater - INFO - updater 140424460454784 Patching /home/runner/work/two.avogadro.cc/Qt/6.8.3/gcc_64/lib/libQt6QuickDialogs2.prl
2026-03-26 00:40:17,491 - aqt.updater - INFO - updater 140424460454784 Patching /home/runner/work/two.avogadro.cc/Qt/6.8.3/gcc_64/lib/libQt6ExamplesAssetDownloader.prl
2026-03-26 00:40:17,492 - aqt.updater - INFO - updater 140424460454784 Patching /home/runner/work/two.avogadro.cc/Qt/6.8.3/gcc_64/lib/libQt6Qml.prl
2026-03-26 00:40:17,492 - aqt.updater - INFO - updater 140424460454784 Patching /home/runner/work/two.avogadro.cc/Qt/6.8.3/gcc_64/lib/libQt6QuickControls2FluentWinUI3StyleImpl.prl
2026-03-26 00:40:17,492 - aqt.updater - INFO - updater 140424460454784 Patching /home/runner/work/two.avogadro.cc/Qt/6.8.3/gcc_64/lib/libQt6QmlAssetDownloader.prl
2026-03-26 00:40:17,492 - aqt.updater - INFO - updater 140424460454784 Patching /home/runner/work/two.avogadro.cc/Qt/6.8.3/gcc_64/lib/libQt6Widgets.prl
2026-03-26 00:40:17,493 - aqt.updater - INFO - updater 140424460454784 Patching /home/runner/work/two.avogadro.cc/Qt/6.8.3/gcc_64/lib/libQt6QuickShapes.prl
2026-03-26 00:40:17,493 - aqt.updater - INFO - updater 140424460454784 Patching /home/runner/work/two.avogadro.cc/Qt/6.8.3/gcc_64/lib/libQt6QuickWidgets.prl
2026-03-26 00:40:17,493 - aqt.updater - INFO - updater 140424460454784 Patching /home/runner/work/two.avogadro.cc/Qt/6.8.3/gcc_64/lib/libQt6SvgWidgets.prl
2026-03-26 00:40:17,493 - aqt.updater - INFO - updater 140424460454784 Patching /home/runner/work/two.avogadro.cc/Qt/6.8.3/gcc_64/lib/libQt6QuickDialogs2QuickImpl.prl
2026-03-26 00:40:17,494 - aqt.updater - INFO - updater 140424460454784 Patching /home/runner/work/two.avogadro.cc/Qt/6.8.3/gcc_64/lib/libQt6Sql.prl
2026-03-26 00:40:17,494 - aqt.updater - INFO - updater 140424460454784 Patching /home/runner/work/two.avogadro.cc/Qt/6.8.3/gcc_64/lib/libQt6QmlCore.prl
2026-03-26 00:40:17,494 - aqt.updater - INFO - updater 140424460454784 Patching /home/runner/work/two.avogadro.cc/Qt/6.8.3/gcc_64/lib/libQt6QuickControls2ImagineStyleImpl.prl
2026-03-26 00:40:17,494 - aqt.updater - INFO - updater 140424460454784 Patching /home/runner/work/two.avogadro.cc/Qt/6.8.3/gcc_64/lib/libQt6Concurrent.prl
2026-03-26 00:40:17,495 - aqt.updater - INFO - updater 140424460454784 Patching /home/runner/work/two.avogadro.cc/Qt/6.8.3/gcc_64/lib/libQt6QuickControls2Imagine.prl
2026-03-26 00:40:17,495 - aqt.updater - INFO - updater 140424460454784 Patching /home/runner/work/two.avogadro.cc/Qt/6.8.3/gcc_64/lib/libQt6QuickEffects.prl
2026-03-26 00:40:17,495 - aqt.updater - INFO - updater 140424460454784 Patching /home/runner/work/two.avogadro.cc/Qt/6.8.3/gcc_64/lib/libQt6QmlMeta.prl
2026-03-26 00:40:17,495 - aqt.updater - INFO - updater 140424460454784 Patching /home/runner/work/two.avogadro.cc/Qt/6.8.3/gcc_64/lib/libQt6QmlWorkerScript.prl
2026-03-26 00:40:17,496 - aqt.updater - INFO - updater 140424460454784 Patching /home/runner/work/two.avogadro.cc/Qt/6.8.3/gcc_64/lib/libQt6UiTools.prl
2026-03-26 00:40:17,496 - aqt.updater - INFO - updater 140424460454784 Patching /home/runner/work/two.avogadro.cc/Qt/6.8.3/gcc_64/lib/libQt6QuickControls2Fusion.prl
2026-03-26 00:40:17,496 - aqt.updater - INFO - updater 140424460454784 Patching /home/runner/work/two.avogadro.cc/Qt/6.8.3/gcc_64/lib/libQt6Xml.prl
2026-03-26 00:40:17,496 - aqt.updater - INFO - updater 140424460454784 Patching /home/runner/work/two.avogadro.cc/Qt/6.8.3/gcc_64/lib/libQt6QmlToolingSettings.prl
2026-03-26 00:40:17,497 - aqt.updater - INFO - updater 140424460454784 Patching /home/runner/work/two.avogadro.cc/Qt/6.8.3/gcc_64/lib/libQt6PacketProtocol.prl
2026-03-26 00:40:17,497 - aqt.updater - INFO - updater 140424460454784 Patching /home/runner/work/two.avogadro.cc/Qt/6.8.3/gcc_64/lib/libQt6QmlLS.prl
2026-03-26 00:40:17,497 - aqt.updater - INFO - updater 140424460454784 Patching /home/runner/work/two.avogadro.cc/Qt/6.8.3/gcc_64/lib/libQt6QuickVectorImageGenerator.prl
2026-03-26 00:40:17,497 - aqt.updater - INFO - updater 140424460454784 Patching /home/runner/work/two.avogadro.cc/Qt/6.8.3/gcc_64/lib/libQt6QmlDom.prl
2026-03-26 00:40:17,498 - aqt.updater - INFO - updater 140424460454784 Patching /home/runner/work/two.avogadro.cc/Qt/6.8.3/gcc_64/lib/libQt6QuickParticles.prl
2026-03-26 00:40:17,498 - aqt.updater - INFO - updater 140424460454784 Patching /home/runner/work/two.avogadro.cc/Qt/6.8.3/gcc_64/lib/libQt6QuickTemplates2.prl
2026-03-26 00:40:17,498 - aqt.updater - INFO - updater 140424460454784 Patching /home/runner/work/two.avogadro.cc/Qt/6.8.3/gcc_64/lib/libQt6DesignerComponents.prl
2026-03-26 00:40:17,498 - aqt.updater - INFO - updater 140424460454784 Patching /home/runner/work/two.avogadro.cc/Qt/6.8.3/gcc_64/lib/libQt6LabsSettings.prl
2026-03-26 00:40:17,499 - aqt.updater - INFO - updater 140424460454784 Patching /home/runner/work/two.avogadro.cc/Qt/6.8.3/gcc_64/lib/libQt6Test.prl
2026-03-26 00:40:17,499 - aqt.updater - INFO - updater 140424460454784 Patching /home/runner/work/two.avogadro.cc/Qt/6.8.3/gcc_64/lib/libQt6QuickControls2FusionStyleImpl.prl
2026-03-26 00:40:17,499 - aqt.updater - INFO - updater 140424460454784 Patching /home/runner/work/two.avogadro.cc/Qt/6.8.3/gcc_64/lib/libQt6QmlCompiler.prl
2026-03-26 00:40:17,499 - aqt.updater - INFO - updater 140424460454784 Patching /home/runner/work/two.avogadro.cc/Qt/6.8.3/gcc_64/lib/libQt6QuickControls2UniversalStyleImpl.prl
2026-03-26 00:40:17,500 - aqt.updater - INFO - updater 140424460454784 Patching /home/runner/work/two.avogadro.cc/Qt/6.8.3/gcc_64/lib/libQt6OpenGL.prl
2026-03-26 00:40:17,500 - aqt.updater - INFO - updater 140424460454784 Patching /home/runner/work/two.avogadro.cc/Qt/6.8.3/gcc_64/lib/libQt6LabsSharedImage.prl
2026-03-26 00:40:17,500 - aqt.updater - INFO - updater 140424460454784 Patching /home/runner/work/two.avogadro.cc/Qt/6.8.3/gcc_64/lib/libQt6QuickControls2Impl.prl
2026-03-26 00:40:17,500 - aqt.updater - INFO - updater 140424460454784 Patching /home/runner/work/two.avogadro.cc/Qt/6.8.3/gcc_64/lib/libQt6InputSupport.prl
2026-03-26 00:40:17,501 - aqt.updater - INFO - updater 140424460454784 Patching /home/runner/work/two.avogadro.cc/Qt/6.8.3/gcc_64/lib/libQt6Core.prl
2026-03-26 00:40:17,501 - aqt.updater - INFO - updater 140424460454784 Patching /home/runner/work/two.avogadro.cc/Qt/6.8.3/gcc_64/lib/libQt6QuickControls2Basic.prl
2026-03-26 00:40:17,501 - aqt.updater - INFO - updater 140424460454784 Patching /home/runner/work/two.avogadro.cc/Qt/6.8.3/gcc_64/lib/libQt6QmlTypeRegistrar.prl
2026-03-26 00:40:17,501 - aqt.updater - INFO - updater 140424460454784 Patching /home/runner/work/two.avogadro.cc/Qt/6.8.3/gcc_64/lib/libQt6QuickControls2Universal.prl
2026-03-26 00:40:17,502 - aqt.updater - INFO - updater 140424460454784 Patching /home/runner/work/two.avogadro.cc/Qt/6.8.3/gcc_64/lib/libQt6Gui.prl
2026-03-26 00:40:17,502 - aqt.updater - INFO - updater 140424460454784 Patching /home/runner/work/two.avogadro.cc/Qt/6.8.3/gcc_64/lib/libQt6QuickVectorImage.prl
2026-03-26 00:40:17,502 - aqt.updater - INFO - updater 140424460454784 Patching /home/runner/work/two.avogadro.cc/Qt/6.8.3/gcc_64/lib/libQt6QuickControls2.prl
2026-03-26 00:40:17,502 - aqt.updater - INFO - updater 140424460454784 Patching /home/runner/work/two.avogadro.cc/Qt/6.8.3/gcc_64/lib/libQt6Network.prl
2026-03-26 00:40:17,503 - aqt.updater - INFO - updater 140424460454784 Patching /home/runner/work/two.avogadro.cc/Qt/6.8.3/gcc_64/lib/libQt6QuickLayouts.prl
2026-03-26 00:40:17,503 - aqt.updater - INFO - updater 140424460454784 Patching /home/runner/work/two.avogadro.cc/Qt/6.8.3/gcc_64/lib/libQt6QuickControls2Material.prl
2026-03-26 00:40:17,503 - aqt.updater - INFO - updater 140424460454784 Patching /home/runner/work/two.avogadro.cc/Qt/6.8.3/gcc_64/lib/libQt6QmlModels.prl
2026-03-26 00:40:17,503 - aqt.updater - INFO - updater 140424460454784 Patching /home/runner/work/two.avogadro.cc/Qt/6.8.3/gcc_64/lib/libQt6DBus.prl
2026-03-26 00:40:17,504 - aqt.updater - INFO - updater 140424460454784 Patching /home/runner/work/two.avogadro.cc/Qt/6.8.3/gcc_64/lib/libQt6WaylandEglClientHwIntegration.prl
2026-03-26 00:40:17,504 - aqt.updater - INFO - updater 140424460454784 Patching /home/runner/work/two.avogadro.cc/Qt/6.8.3/gcc_64/lib/libQt6LabsAnimation.prl
2026-03-26 00:40:17,504 - aqt.updater - INFO - updater 140424460454784 Patching /home/runner/work/two.avogadro.cc/Qt/6.8.3/gcc_64/lib/libQt6EglFsKmsGbmSupport.prl
2026-03-26 00:40:17,504 - aqt.updater - INFO - updater 140424460454784 Patching /home/runner/work/two.avogadro.cc/Qt/6.8.3/gcc_64/lib/libQt6PrintSupport.prl
2026-03-26 00:40:17,505 - aqt.updater - INFO - updater 140424460454784 Patching /home/runner/work/two.avogadro.cc/Qt/6.8.3/gcc_64/lib/libQt6Designer.prl
2026-03-26 00:40:17,505 - aqt.updater - INFO - updater 140424460454784 Patching /home/runner/work/two.avogadro.cc/Qt/6.8.3/gcc_64/lib/libQt6DeviceDiscoverySupport.prl
2026-03-26 00:40:17,505 - aqt.updater - INFO - updater 140424460454784 Patching /home/runner/work/two.avogadro.cc/Qt/6.8.3/gcc_64/lib/libQt6FbSupport.prl
2026-03-26 00:40:17,505 - aqt.updater - INFO - updater 140424460454784 Patching /home/runner/work/two.avogadro.cc/Qt/6.8.3/gcc_64/lib/libQt6OpenGLWidgets.prl
2026-03-26 00:40:17,506 - aqt.updater - INFO - updater 140424460454784 Patching /home/runner/work/two.avogadro.cc/Qt/6.8.3/gcc_64/lib/libQt6QuickControls2MaterialStyleImpl.prl
2026-03-26 00:40:17,506 - aqt.updater - INFO - updater 140424460454784 Patching /home/runner/work/two.avogadro.cc/Qt/6.8.3/gcc_64/lib/libQt6QuickDialogs2Utils.prl
2026-03-26 00:40:17,506 - aqt.updater - INFO - updater 140424460454784 Patching /home/runner/work/two.avogadro.cc/Qt/6.8.3/gcc_64/lib/libQt6QmlXmlListModel.prl
2026-03-26 00:40:17,506 - aqt.updater - INFO - updater 140424460454784 Patching /home/runner/work/two.avogadro.cc/Qt/6.8.3/gcc_64/lib/libQt6QmlDebug.prl
2026-03-26 00:40:17,507 - aqt.updater - INFO - updater 140424460454784 Patching /home/runner/work/two.avogadro.cc/Qt/6.8.3/gcc_64/lib/libQt6KmsSupport.prl
2026-03-26 00:40:17,507 - aqt.updater - INFO - updater 140424460454784 Patching /home/runner/work/two.avogadro.cc/Qt/6.8.3/gcc_64/lib/libQt6LabsWavefrontMesh.prl
2026-03-26 00:40:17,507 - aqt.updater - INFO - updater 140424460454784 Patching /home/runner/work/two.avogadro.cc/Qt/6.8.3/gcc_64/lib/libQt6WlShellIntegration.prl
2026-03-26 00:40:17,507 - aqt.updater - INFO - updater 140424460454784 Patching /home/runner/work/two.avogadro.cc/Qt/6.8.3/gcc_64/lib/libQt6QuickControls2BasicStyleImpl.prl
2026-03-26 00:40:17,508 - aqt.main - INFO - installer 140424460454784 Finished installation
2026-03-26 00:40:17,508 - aqt.main - INFO - installer 140424460454784 Time elapsed: 20.07383307 second
